\BOOKMARK [1][-]{section.1}{\376\377\176\374\217\360}{}% 1
\BOOKMARK [1][-]{section.2}{\376\377\173\227\154\325\116\313\176\315}{}% 2
\BOOKMARK [2][-]{subsection.2.1}{\376\377\166\364\176\277\176\330\122\066\173\227\154\325}{section.2}% 3
\BOOKMARK [3][-]{subsubsection.2.1.1}{\376\377\000D\000D\000A\173\227\154\325}{subsection.2.1}% 4
\BOOKMARK [3][-]{subsubsection.2.1.2}{\376\377\000B\000r\000e\000s\000e\000n\000h\000a\000m\173\227\154\325}{subsection.2.1}% 5
\BOOKMARK [2][-]{subsection.2.2}{\376\377\127\006\137\142\176\330\122\066\173\227\154\325}{section.2}% 6
\BOOKMARK [2][-]{subsection.2.3}{\376\377\116\055\160\271\151\055\127\006\176\330\122\066\173\227\154\325}{section.2}% 7
\BOOKMARK [2][-]{subsection.2.4}{\376\377\167\351\137\142\176\330\122\066\173\227\154\325}{section.2}% 8
\BOOKMARK [2][-]{subsection.2.5}{\376\377\146\362\176\277\173\227\154\325}{section.2}% 9
\BOOKMARK [3][-]{subsubsection.2.5.1}{\376\377\215\035\130\136\134\024\146\362\176\277}{subsection.2.5}% 10
\BOOKMARK [3][-]{subsubsection.2.5.2}{\376\377\000B\150\067\147\141\146\362\176\277}{subsection.2.5}% 11
\BOOKMARK [2][-]{subsection.2.6}{\376\377\220\011\116\055\173\227\154\325}{section.2}% 12
\BOOKMARK [2][-]{subsection.2.7}{\376\377\122\040\226\144\173\227\154\325}{section.2}% 13
\BOOKMARK [2][-]{subsection.2.8}{\376\377\171\373\122\250\173\227\154\325}{section.2}% 14
\BOOKMARK [2][-]{subsection.2.9}{\376\377\210\301\122\152\173\227\154\325}{section.2}% 15
\BOOKMARK [3][-]{subsubsection.2.9.1}{\376\377\000C\000o\000h\000e\000n\000S\000u\000t\000h\000e\000r\000l\000a\000n\000d}{subsection.2.9}% 16
\BOOKMARK [3][-]{subsubsection.2.9.2}{\376\377\000L\000i\000a\000n\000g\000-\000b\000a\000r\000s\000k\000y}{subsection.2.9}% 17
\BOOKMARK [2][-]{subsection.2.10}{\376\377\145\313\217\154\173\227\154\325}{section.2}% 18
\BOOKMARK [2][-]{subsection.2.11}{\376\377\177\051\145\076\173\227\154\325}{section.2}% 19
\BOOKMARK [1][-]{section.3}{\376\377\174\373\176\337\116\313\176\315}{}% 20
\BOOKMARK [2][-]{subsection.3.1}{\376\377\174\373\176\337\147\266\147\204}{section.3}% 21
